[03-Apr-2019 22:05:19 UTC] PHP Fatal error:  Uncaught exception 'PDOException' with message 'SQLSTATE[HY000] [1045] Access denied for user 'jahenderson'@'localhost' (using password: NO)' in /home/ubuntu/workspace/cst336-sp2019/examples/dashboard/dashboard/login.php:34
Stack trace:
#0 /home/ubuntu/workspace/cst336-sp2019/examples/dashboard/dashboard/login.php(34): PDO->__construct('mysql:host=127....', 'jahenderson', '')
#1 {main}
  thrown in /home/ubuntu/workspace/cst336-sp2019/examples/dashboard/dashboard/login.php on line 34
[03-Apr-2019 22:13:20 UTC] PHP Fatal error:  Uncaught exception 'PDOException' with message 'SQLSTATE[HY000] [1045] Access denied for user 'jahenderson'@'localhost' (using password: NO)' in /home/ubuntu/workspace/cst336-sp2019/examples/dashboard/dashboard/login.php:34
Stack trace:
#0 /home/ubuntu/workspace/cst336-sp2019/examples/dashboard/dashboard/login.php(34): PDO->__construct('mysql:host=127....', 'jahenderson', '')
#1 {main}
  thrown in /home/ubuntu/workspace/cst336-sp2019/examples/dashboard/dashboard/login.php on line 34
[03-Apr-2019 22:13:21 UTC] PHP Fatal error:  Uncaught exception 'PDOException' with message 'SQLSTATE[HY000] [1045] Access denied for user 'jahenderson'@'localhost' (using password: NO)' in /home/ubuntu/workspace/cst336-sp2019/examples/dashboard/dashboard/login.php:34
Stack trace:
#0 /home/ubuntu/workspace/cst336-sp2019/examples/dashboard/dashboard/login.php(34): PDO->__construct('mysql:host=127....', 'jahenderson', '')
#1 {main}
  thrown in /home/ubuntu/workspace/cst336-sp2019/examples/dashboard/dashboard/login.php on line 34
[03-Apr-2019 22:13:22 UTC] PHP Fatal error:  Uncaught exception 'PDOException' with message 'SQLSTATE[HY000] [1045] Access denied for user 'jahenderson'@'localhost' (using password: NO)' in /home/ubuntu/workspace/cst336-sp2019/examples/dashboard/dashboard/login.php:34
Stack trace:
#0 /home/ubuntu/workspace/cst336-sp2019/examples/dashboard/dashboard/login.php(34): PDO->__construct('mysql:host=127....', 'jahenderson', '')
#1 {main}
  thrown in /home/ubuntu/workspace/cst336-sp2019/examples/dashboard/dashboard/login.php on line 34
[03-Apr-2019 22:13:22 UTC] PHP Fatal error:  Uncaught exception 'PDOException' with message 'SQLSTATE[HY000] [1045] Access denied for user 'jahenderson'@'localhost' (using password: NO)' in /home/ubuntu/workspace/cst336-sp2019/examples/dashboard/dashboard/login.php:34
Stack trace:
#0 /home/ubuntu/workspace/cst336-sp2019/examples/dashboard/dashboard/login.php(34): PDO->__construct('mysql:host=127....', 'jahenderson', '')
#1 {main}
  thrown in /home/ubuntu/workspace/cst336-sp2019/examples/dashboard/dashboard/login.php on line 34
[03-Apr-2019 22:13:22 UTC] PHP Fatal error:  Uncaught exception 'PDOException' with message 'SQLSTATE[HY000] [1045] Access denied for user 'jahenderson'@'localhost' (using password: NO)' in /home/ubuntu/workspace/cst336-sp2019/examples/dashboard/dashboard/login.php:34
Stack trace:
#0 /home/ubuntu/workspace/cst336-sp2019/examples/dashboard/dashboard/login.php(34): PDO->__construct('mysql:host=127....', 'jahenderson', '')
#1 {main}
  thrown in /home/ubuntu/workspace/cst336-sp2019/examples/dashboard/dashboard/login.php on line 34
[03-Apr-2019 22:13:22 UTC] PHP Fatal error:  Uncaught exception 'PDOException' with message 'SQLSTATE[HY000] [1045] Access denied for user 'jahenderson'@'localhost' (using password: NO)' in /home/ubuntu/workspace/cst336-sp2019/examples/dashboard/dashboard/login.php:34
Stack trace:
#0 /home/ubuntu/workspace/cst336-sp2019/examples/dashboard/dashboard/login.php(34): PDO->__construct('mysql:host=127....', 'jahenderson', '')
#1 {main}
  thrown in /home/ubuntu/workspace/cst336-sp2019/examples/dashboard/dashboard/login.php on line 34
[03-Apr-2019 22:13:22 UTC] PHP Fatal error:  Uncaught exception 'PDOException' with message 'SQLSTATE[HY000] [1045] Access denied for user 'jahenderson'@'localhost' (using password: NO)' in /home/ubuntu/workspace/cst336-sp2019/examples/dashboard/dashboard/login.php:34
Stack trace:
#0 /home/ubuntu/workspace/cst336-sp2019/examples/dashboard/dashboard/login.php(34): PDO->__construct('mysql:host=127....', 'jahenderson', '')
#1 {main}
  thrown in /home/ubuntu/workspace/cst336-sp2019/examples/dashboard/dashboard/login.php on line 34
[03-Apr-2019 22:14:02 UTC] PHP Fatal error:  Uncaught exception 'PDOException' with message 'SQLSTATE[HY000] [1045] Access denied for user 'jahenderson'@'localhost' (using password: NO)' in /home/ubuntu/workspace/cst336-sp2019/examples/dashboard/dashboard/login.php:34
Stack trace:
#0 /home/ubuntu/workspace/cst336-sp2019/examples/dashboard/dashboard/login.php(34): PDO->__construct('mysql:host=127....', 'jahenderson', '')
#1 {main}
  thrown in /home/ubuntu/workspace/cst336-sp2019/examples/dashboard/dashboard/login.php on line 34
[03-Apr-2019 22:14:03 UTC] PHP Fatal error:  Uncaught exception 'PDOException' with message 'SQLSTATE[HY000] [1045] Access denied for user 'jahenderson'@'localhost' (using password: NO)' in /home/ubuntu/workspace/cst336-sp2019/examples/dashboard/dashboard/login.php:34
Stack trace:
#0 /home/ubuntu/workspace/cst336-sp2019/examples/dashboard/dashboard/login.php(34): PDO->__construct('mysql:host=127....', 'jahenderson', '')
#1 {main}
  thrown in /home/ubuntu/workspace/cst336-sp2019/examples/dashboard/dashboard/login.php on line 34
[03-Apr-2019 22:14:03 UTC] PHP Fatal error:  Uncaught exception 'PDOException' with message 'SQLSTATE[HY000] [1045] Access denied for user 'jahenderson'@'localhost' (using password: NO)' in /home/ubuntu/workspace/cst336-sp2019/examples/dashboard/dashboard/login.php:34
Stack trace:
#0 /home/ubuntu/workspace/cst336-sp2019/examples/dashboard/dashboard/login.php(34): PDO->__construct('mysql:host=127....', 'jahenderson', '')
#1 {main}
  thrown in /home/ubuntu/workspace/cst336-sp2019/examples/dashboard/dashboard/login.php on line 34
[03-Apr-2019 22:14:03 UTC] PHP Fatal error:  Uncaught exception 'PDOException' with message 'SQLSTATE[HY000] [1045] Access denied for user 'jahenderson'@'localhost' (using password: NO)' in /home/ubuntu/workspace/cst336-sp2019/examples/dashboard/dashboard/login.php:34
Stack trace:
#0 /home/ubuntu/workspace/cst336-sp2019/examples/dashboard/dashboard/login.php(34): PDO->__construct('mysql:host=127....', 'jahenderson', '')
#1 {main}
  thrown in /home/ubuntu/workspace/cst336-sp2019/examples/dashboard/dashboard/login.php on line 34
[03-Apr-2019 22:14:04 UTC] PHP Fatal error:  Uncaught exception 'PDOException' with message 'SQLSTATE[HY000] [1045] Access denied for user 'jahenderson'@'localhost' (using password: NO)' in /home/ubuntu/workspace/cst336-sp2019/examples/dashboard/dashboard/login.php:34
Stack trace:
#0 /home/ubuntu/workspace/cst336-sp2019/examples/dashboard/dashboard/login.php(34): PDO->__construct('mysql:host=127....', 'jahenderson', '')
#1 {main}
  thrown in /home/ubuntu/workspace/cst336-sp2019/examples/dashboard/dashboard/login.php on line 34
[03-Apr-2019 22:14:04 UTC] PHP Fatal error:  Uncaught exception 'PDOException' with message 'SQLSTATE[HY000] [1045] Access denied for user 'jahenderson'@'localhost' (using password: NO)' in /home/ubuntu/workspace/cst336-sp2019/examples/dashboard/dashboard/login.php:34
Stack trace:
#0 /home/ubuntu/workspace/cst336-sp2019/examples/dashboard/dashboard/login.php(34): PDO->__construct('mysql:host=127....', 'jahenderson', '')
#1 {main}
  thrown in /home/ubuntu/workspace/cst336-sp2019/examples/dashboard/dashboard/login.php on line 34
[03-Apr-2019 22:15:13 UTC] PHP Fatal error:  Uncaught exception 'PDOException' with message 'SQLSTATE[HY000] [1045] Access denied for user 'jahenderson'@'localhost' (using password: NO)' in /home/ubuntu/workspace/cst336-sp2019/examples/dashboard/dashboard/login.php:34
Stack trace:
#0 /home/ubuntu/workspace/cst336-sp2019/examples/dashboard/dashboard/login.php(34): PDO->__construct('mysql:host=127....', 'jahenderson', '')
#1 {main}
  thrown in /home/ubuntu/workspace/cst336-sp2019/examples/dashboard/dashboard/login.php on line 34
[03-Apr-2019 22:15:13 UTC] PHP Fatal error:  Uncaught exception 'PDOException' with message 'SQLSTATE[HY000] [1045] Access denied for user 'jahenderson'@'localhost' (using password: NO)' in /home/ubuntu/workspace/cst336-sp2019/examples/dashboard/dashboard/login.php:34
Stack trace:
#0 /home/ubuntu/workspace/cst336-sp2019/examples/dashboard/dashboard/login.php(34): PDO->__construct('mysql:host=127....', 'jahenderson', '')
#1 {main}
  thrown in /home/ubuntu/workspace/cst336-sp2019/examples/dashboard/dashboard/login.php on line 34
[03-Apr-2019 22:15:13 UTC] PHP Fatal error:  Uncaught exception 'PDOException' with message 'SQLSTATE[HY000] [1045] Access denied for user 'jahenderson'@'localhost' (using password: NO)' in /home/ubuntu/workspace/cst336-sp2019/examples/dashboard/dashboard/login.php:34
Stack trace:
#0 /home/ubuntu/workspace/cst336-sp2019/examples/dashboard/dashboard/login.php(34): PDO->__construct('mysql:host=127....', 'jahenderson', '')
#1 {main}
  thrown in /home/ubuntu/workspace/cst336-sp2019/examples/dashboard/dashboard/login.php on line 34
[03-Apr-2019 22:15:14 UTC] PHP Fatal error:  Uncaught exception 'PDOException' with message 'SQLSTATE[HY000] [1045] Access denied for user 'jahenderson'@'localhost' (using password: NO)' in /home/ubuntu/workspace/cst336-sp2019/examples/dashboard/dashboard/login.php:34
Stack trace:
#0 /home/ubuntu/workspace/cst336-sp2019/examples/dashboard/dashboard/login.php(34): PDO->__construct('mysql:host=127....', 'jahenderson', '')
#1 {main}
  thrown in /home/ubuntu/workspace/cst336-sp2019/examples/dashboard/dashboard/login.php on line 34
[03-Apr-2019 22:15:14 UTC] PHP Fatal error:  Uncaught exception 'PDOException' with message 'SQLSTATE[HY000] [1045] Access denied for user 'jahenderson'@'localhost' (using password: NO)' in /home/ubuntu/workspace/cst336-sp2019/examples/dashboard/dashboard/login.php:34
Stack trace:
#0 /home/ubuntu/workspace/cst336-sp2019/examples/dashboard/dashboard/login.php(34): PDO->__construct('mysql:host=127....', 'jahenderson', '')
#1 {main}
  thrown in /home/ubuntu/workspace/cst336-sp2019/examples/dashboard/dashboard/login.php on line 34
[03-Apr-2019 22:15:14 UTC] PHP Fatal error:  Uncaught exception 'PDOException' with message 'SQLSTATE[HY000] [1045] Access denied for user 'jahenderson'@'localhost' (using password: NO)' in /home/ubuntu/workspace/cst336-sp2019/examples/dashboard/dashboard/login.php:34
Stack trace:
#0 /home/ubuntu/workspace/cst336-sp2019/examples/dashboard/dashboard/login.php(34): PDO->__construct('mysql:host=127....', 'jahenderson', '')
#1 {main}
  thrown in /home/ubuntu/workspace/cst336-sp2019/examples/dashboard/dashboard/login.php on line 34
[03-Apr-2019 22:15:14 UTC] PHP Fatal error:  Uncaught exception 'PDOException' with message 'SQLSTATE[HY000] [1045] Access denied for user 'jahenderson'@'localhost' (using password: NO)' in /home/ubuntu/workspace/cst336-sp2019/examples/dashboard/dashboard/login.php:34
Stack trace:
#0 /home/ubuntu/workspace/cst336-sp2019/examples/dashboard/dashboard/login.php(34): PDO->__construct('mysql:host=127....', 'jahenderson', '')
#1 {main}
  thrown in /home/ubuntu/workspace/cst336-sp2019/examples/dashboard/dashboard/login.php on line 34
[03-Apr-2019 22:15:14 UTC] PHP Fatal error:  Uncaught exception 'PDOException' with message 'SQLSTATE[HY000] [1045] Access denied for user 'jahenderson'@'localhost' (using password: NO)' in /home/ubuntu/workspace/cst336-sp2019/examples/dashboard/dashboard/login.php:34
Stack trace:
#0 /home/ubuntu/workspace/cst336-sp2019/examples/dashboard/dashboard/login.php(34): PDO->__construct('mysql:host=127....', 'jahenderson', '')
#1 {main}
  thrown in /home/ubuntu/workspace/cst336-sp2019/examples/dashboard/dashboard/login.php on line 34
[03-Apr-2019 22:15:14 UTC] PHP Fatal error:  Uncaught exception 'PDOException' with message 'SQLSTATE[HY000] [1045] Access denied for user 'jahenderson'@'localhost' (using password: NO)' in /home/ubuntu/workspace/cst336-sp2019/examples/dashboard/dashboard/login.php:34
Stack trace:
#0 /home/ubuntu/workspace/cst336-sp2019/examples/dashboard/dashboard/login.php(34): PDO->__construct('mysql:host=127....', 'jahenderson', '')
#1 {main}
  thrown in /home/ubuntu/workspace/cst336-sp2019/examples/dashboard/dashboard/login.php on line 34
[03-Apr-2019 22:15:14 UTC] PHP Fatal error:  Uncaught exception 'PDOException' with message 'SQLSTATE[HY000] [1045] Access denied for user 'jahenderson'@'localhost' (using password: NO)' in /home/ubuntu/workspace/cst336-sp2019/examples/dashboard/dashboard/login.php:34
Stack trace:
#0 /home/ubuntu/workspace/cst336-sp2019/examples/dashboard/dashboard/login.php(34): PDO->__construct('mysql:host=127....', 'jahenderson', '')
#1 {main}
  thrown in /home/ubuntu/workspace/cst336-sp2019/examples/dashboard/dashboard/login.php on line 34
[03-Apr-2019 22:15:15 UTC] PHP Fatal error:  Uncaught exception 'PDOException' with message 'SQLSTATE[HY000] [1045] Access denied for user 'jahenderson'@'localhost' (using password: NO)' in /home/ubuntu/workspace/cst336-sp2019/examples/dashboard/dashboard/login.php:34
Stack trace:
#0 /home/ubuntu/workspace/cst336-sp2019/examples/dashboard/dashboard/login.php(34): PDO->__construct('mysql:host=127....', 'jahenderson', '')
#1 {main}
  thrown in /home/ubuntu/workspace/cst336-sp2019/examples/dashboard/dashboard/login.php on line 34
[03-Apr-2019 22:15:17 UTC] PHP Fatal error:  Uncaught exception 'PDOException' with message 'SQLSTATE[HY000] [1045] Access denied for user 'jahenderson'@'localhost' (using password: NO)' in /home/ubuntu/workspace/cst336-sp2019/examples/dashboard/dashboard/login.php:34
Stack trace:
#0 /home/ubuntu/workspace/cst336-sp2019/examples/dashboard/dashboard/login.php(34): PDO->__construct('mysql:host=127....', 'jahenderson', '')
#1 {main}
  thrown in /home/ubuntu/workspace/cst336-sp2019/examples/dashboard/dashboard/login.php on line 34
[03-Apr-2019 22:15:44 UTC] PHP Fatal error:  Uncaught exception 'PDOException' with message 'SQLSTATE[HY000] [1045] Access denied for user 'jahenderson'@'localhost' (using password: NO)' in /home/ubuntu/workspace/cst336-sp2019/examples/dashboard/dashboard/login.php:34
Stack trace:
#0 /home/ubuntu/workspace/cst336-sp2019/examples/dashboard/dashboard/login.php(34): PDO->__construct('mysql:host=127....', 'jahenderson', '')
#1 {main}
  thrown in /home/ubuntu/workspace/cst336-sp2019/examples/dashboard/dashboard/login.php on line 34
[03-Apr-2019 22:15:45 UTC] PHP Fatal error:  Uncaught exception 'PDOException' with message 'SQLSTATE[HY000] [1045] Access denied for user 'jahenderson'@'localhost' (using password: NO)' in /home/ubuntu/workspace/cst336-sp2019/examples/dashboard/dashboard/login.php:34
Stack trace:
#0 /home/ubuntu/workspace/cst336-sp2019/examples/dashboard/dashboard/login.php(34): PDO->__construct('mysql:host=127....', 'jahenderson', '')
#1 {main}
  thrown in /home/ubuntu/workspace/cst336-sp2019/examples/dashboard/dashboard/login.php on line 34
[03-Apr-2019 22:15:45 UTC] PHP Fatal error:  Uncaught exception 'PDOException' with message 'SQLSTATE[HY000] [1045] Access denied for user 'jahenderson'@'localhost' (using password: NO)' in /home/ubuntu/workspace/cst336-sp2019/examples/dashboard/dashboard/login.php:34
Stack trace:
#0 /home/ubuntu/workspace/cst336-sp2019/examples/dashboard/dashboard/login.php(34): PDO->__construct('mysql:host=127....', 'jahenderson', '')
#1 {main}
  thrown in /home/ubuntu/workspace/cst336-sp2019/examples/dashboard/dashboard/login.php on line 34
[03-Apr-2019 22:16:54 UTC] PHP Fatal error:  Uncaught exception 'PDOException' with message 'SQLSTATE[HY000] [1045] Access denied for user 'jahenderson'@'localhost' (using password: NO)' in /home/ubuntu/workspace/cst336-sp2019/examples/dashboard/dashboard/login.php:34
Stack trace:
#0 /home/ubuntu/workspace/cst336-sp2019/examples/dashboard/dashboard/login.php(34): PDO->__construct('mysql:host=127....', 'jahenderson', '')
#1 {main}
  thrown in /home/ubuntu/workspace/cst336-sp2019/examples/dashboard/dashboard/login.php on line 34
[03-Apr-2019 22:16:54 UTC] PHP Fatal error:  Uncaught exception 'PDOException' with message 'SQLSTATE[HY000] [1045] Access denied for user 'jahenderson'@'localhost' (using password: NO)' in /home/ubuntu/workspace/cst336-sp2019/examples/dashboard/dashboard/login.php:34
Stack trace:
#0 /home/ubuntu/workspace/cst336-sp2019/examples/dashboard/dashboard/login.php(34): PDO->__construct('mysql:host=127....', 'jahenderson', '')
#1 {main}
  thrown in /home/ubuntu/workspace/cst336-sp2019/examples/dashboard/dashboard/login.php on line 34
[03-Apr-2019 22:16:55 UTC] PHP Fatal error:  Uncaught exception 'PDOException' with message 'SQLSTATE[HY000] [1045] Access denied for user 'jahenderson'@'localhost' (using password: NO)' in /home/ubuntu/workspace/cst336-sp2019/examples/dashboard/dashboard/login.php:34
Stack trace:
#0 /home/ubuntu/workspace/cst336-sp2019/examples/dashboard/dashboard/login.php(34): PDO->__construct('mysql:host=127....', 'jahenderson', '')
#1 {main}
  thrown in /home/ubuntu/workspace/cst336-sp2019/examples/dashboard/dashboard/login.php on line 34
[03-Apr-2019 22:16:55 UTC] PHP Fatal error:  Uncaught exception 'PDOException' with message 'SQLSTATE[HY000] [1045] Access denied for user 'jahenderson'@'localhost' (using password: NO)' in /home/ubuntu/workspace/cst336-sp2019/examples/dashboard/dashboard/login.php:34
Stack trace:
#0 /home/ubuntu/workspace/cst336-sp2019/examples/dashboard/dashboard/login.php(34): PDO->__construct('mysql:host=127....', 'jahenderson', '')
#1 {main}
  thrown in /home/ubuntu/workspace/cst336-sp2019/examples/dashboard/dashboard/login.php on line 34
