[22-Apr-2019 19:41:08 UTC] PHP Fatal error:  Uncaught exception 'PDOException' with message 'SQLSTATE[HY093]: Invalid parameter number: no parameters were bound' in /home/ubuntu/workspace/cst336-sp2019/practice/poll_lab/api/updateAnswers.php:16
Stack trace:
#0 /home/ubuntu/workspace/cst336-sp2019/practice/poll_lab/api/updateAnswers.php(16): PDOStatement->execute(NULL)
#1 {main}
  thrown in /home/ubuntu/workspace/cst336-sp2019/practice/poll_lab/api/updateAnswers.php on line 16
[22-Apr-2019 19:41:37 UTC] PHP Fatal error:  Uncaught exception 'PDOException' with message 'SQLSTATE[HY093]: Invalid parameter number: no parameters were bound' in /home/ubuntu/workspace/cst336-sp2019/practice/poll_lab/api/updateAnswers.php:16
Stack trace:
#0 /home/ubuntu/workspace/cst336-sp2019/practice/poll_lab/api/updateAnswers.php(16): PDOStatement->execute(NULL)
#1 {main}
  thrown in /home/ubuntu/workspace/cst336-sp2019/practice/poll_lab/api/updateAnswers.php on line 16
[22-Apr-2019 19:44:09 UTC] PHP Fatal error:  Uncaught exception 'PDOException' with message 'SQLSTATE[HY093]: Invalid parameter number: number of bound variables does not match number of tokens' in /home/ubuntu/workspace/cst336-sp2019/practice/poll_lab/api/updateAnswers.php:16
Stack trace:
#0 /home/ubuntu/workspace/cst336-sp2019/practice/poll_lab/api/updateAnswers.php(16): PDOStatement->execute(Array)
#1 {main}
  thrown in /home/ubuntu/workspace/cst336-sp2019/practice/poll_lab/api/updateAnswers.php on line 16
[22-Apr-2019 19:44:19 UTC] PHP Fatal error:  Uncaught exception 'PDOException' with message 'SQLSTATE[HY093]: Invalid parameter number: number of bound variables does not match number of tokens' in /home/ubuntu/workspace/cst336-sp2019/practice/poll_lab/api/updateAnswers.php:16
Stack trace:
#0 /home/ubuntu/workspace/cst336-sp2019/practice/poll_lab/api/updateAnswers.php(16): PDOStatement->execute(Array)
#1 {main}
  thrown in /home/ubuntu/workspace/cst336-sp2019/practice/poll_lab/api/updateAnswers.php on line 16
[22-Apr-2019 19:51:43 UTC] PHP Fatal error:  Uncaught exception 'PDOException' with message 'SQLSTATE[HY093]: Invalid parameter number: number of bound variables does not match number of tokens' in /home/ubuntu/workspace/cst336-sp2019/practice/poll_lab/api/updateAnswers.php:16
Stack trace:
#0 /home/ubuntu/workspace/cst336-sp2019/practice/poll_lab/api/updateAnswers.php(16): PDOStatement->execute(Array)
#1 {main}
  thrown in /home/ubuntu/workspace/cst336-sp2019/practice/poll_lab/api/updateAnswers.php on line 16
[22-Apr-2019 19:52:48 UTC] PHP Fatal error:  Uncaught exception 'PDOException' with message 'SQLSTATE[HY093]: Invalid parameter number: number of bound variables does not match number of tokens' in /home/ubuntu/workspace/cst336-sp2019/practice/poll_lab/api/updateAnswers.php:16
Stack trace:
#0 /home/ubuntu/workspace/cst336-sp2019/practice/poll_lab/api/updateAnswers.php(16): PDOStatement->execute(Array)
#1 {main}
  thrown in /home/ubuntu/workspace/cst336-sp2019/practice/poll_lab/api/updateAnswers.php on line 16
[22-Apr-2019 19:53:03 UTC] PHP Fatal error:  Uncaught exception 'PDOException' with message 'SQLSTATE[HY093]: Invalid parameter number: number of bound variables does not match number of tokens' in /home/ubuntu/workspace/cst336-sp2019/practice/poll_lab/api/updateAnswers.php:16
Stack trace:
#0 /home/ubuntu/workspace/cst336-sp2019/practice/poll_lab/api/updateAnswers.php(16): PDOStatement->execute(Array)
#1 {main}
  thrown in /home/ubuntu/workspace/cst336-sp2019/practice/poll_lab/api/updateAnswers.php on line 16
[22-Apr-2019 19:55:09 UTC] PHP Fatal error:  Uncaught exception 'PDOException' with message 'SQLSTATE[HY093]: Invalid parameter number: number of bound variables does not match number of tokens' in /home/ubuntu/workspace/cst336-sp2019/practice/poll_lab/api/updateAnswers.php:16
Stack trace:
#0 /home/ubuntu/workspace/cst336-sp2019/practice/poll_lab/api/updateAnswers.php(16): PDOStatement->execute(Array)
#1 {main}
  thrown in /home/ubuntu/workspace/cst336-sp2019/practice/poll_lab/api/updateAnswers.php on line 16
[22-Apr-2019 19:55:52 UTC] PHP Fatal error:  Uncaught exception 'PDOException' with message 'SQLSTATE[HY093]: Invalid parameter number: number of bound variables does not match number of tokens' in /home/ubuntu/workspace/cst336-sp2019/practice/poll_lab/api/updateAnswers.php:16
Stack trace:
#0 /home/ubuntu/workspace/cst336-sp2019/practice/poll_lab/api/updateAnswers.php(16): PDOStatement->execute(Array)
#1 {main}
  thrown in /home/ubuntu/workspace/cst336-sp2019/practice/poll_lab/api/updateAnswers.php on line 16
[22-Apr-2019 19:59:13 UTC] PHP Fatal error:  Uncaught exception 'PDOException' with message 'SQLSTATE[HY093]: Invalid parameter number: number of bound variables does not match number of tokens' in /home/ubuntu/workspace/cst336-sp2019/practice/poll_lab/api/updateAnswers.php:16
Stack trace:
#0 /home/ubuntu/workspace/cst336-sp2019/practice/poll_lab/api/updateAnswers.php(16): PDOStatement->execute(Array)
#1 {main}
  thrown in /home/ubuntu/workspace/cst336-sp2019/practice/poll_lab/api/updateAnswers.php on line 16
[22-Apr-2019 19:59:36 UTC] PHP Fatal error:  Uncaught exception 'PDOException' with message 'SQLSTATE[HY093]: Invalid parameter number: number of bound variables does not match number of tokens' in /home/ubuntu/workspace/cst336-sp2019/practice/poll_lab/api/updateAnswers.php:16
Stack trace:
#0 /home/ubuntu/workspace/cst336-sp2019/practice/poll_lab/api/updateAnswers.php(16): PDOStatement->execute(Array)
#1 {main}
  thrown in /home/ubuntu/workspace/cst336-sp2019/practice/poll_lab/api/updateAnswers.php on line 16
[22-Apr-2019 20:01:43 UTC] PHP Fatal error:  Uncaught exception 'PDOException' with message 'SQLSTATE[HY093]: Invalid parameter number: number of bound variables does not match number of tokens' in /home/ubuntu/workspace/cst336-sp2019/practice/poll_lab/api/updateAnswers.php:16
Stack trace:
#0 /home/ubuntu/workspace/cst336-sp2019/practice/poll_lab/api/updateAnswers.php(16): PDOStatement->execute(Array)
#1 {main}
  thrown in /home/ubuntu/workspace/cst336-sp2019/practice/poll_lab/api/updateAnswers.php on line 16
[22-Apr-2019 20:02:49 UTC] PHP Fatal error:  Uncaught exception 'PDOException' with message 'SQLSTATE[HY093]: Invalid parameter number: number of bound variables does not match number of tokens' in /home/ubuntu/workspace/cst336-sp2019/practice/poll_lab/api/updateAnswers.php:16
Stack trace:
#0 /home/ubuntu/workspace/cst336-sp2019/practice/poll_lab/api/updateAnswers.php(16): PDOStatement->execute(Array)
#1 {main}
  thrown in /home/ubuntu/workspace/cst336-sp2019/practice/poll_lab/api/updateAnswers.php on line 16
[22-Apr-2019 20:04:10 UTC] PHP Fatal error:  Uncaught exception 'PDOException' with message 'SQLSTATE[HY093]: Invalid parameter number: number of bound variables does not match number of tokens' in /home/ubuntu/workspace/cst336-sp2019/practice/poll_lab/api/updateAnswers.php:16
Stack trace:
#0 /home/ubuntu/workspace/cst336-sp2019/practice/poll_lab/api/updateAnswers.php(16): PDOStatement->execute(Array)
#1 {main}
  thrown in /home/ubuntu/workspace/cst336-sp2019/practice/poll_lab/api/updateAnswers.php on line 16
[22-Apr-2019 20:09:43 UTC] PHP Fatal error:  Uncaught exception 'PDOException' with message 'SQLSTATE[HY093]: Invalid parameter number: number of bound variables does not match number of tokens' in /home/ubuntu/workspace/cst336-sp2019/practice/poll_lab/api/updateAnswers.php:16
Stack trace:
#0 /home/ubuntu/workspace/cst336-sp2019/practice/poll_lab/api/updateAnswers.php(16): PDOStatement->execute(Array)
#1 {main}
  thrown in /home/ubuntu/workspace/cst336-sp2019/practice/poll_lab/api/updateAnswers.php on line 16
[22-Apr-2019 20:14:36 UTC] PHP Fatal error:  Uncaught exception 'PDOException' with message 'SQLSTATE[HY093]: Invalid parameter number: no parameters were bound' in /home/ubuntu/workspace/cst336-sp2019/practice/poll_lab/api/updateAnswers.php:12
Stack trace:
#0 /home/ubuntu/workspace/cst336-sp2019/practice/poll_lab/api/updateAnswers.php(12): PDOStatement->execute(NULL)
#1 {main}
  thrown in /home/ubuntu/workspace/cst336-sp2019/practice/poll_lab/api/updateAnswers.php on line 12
[22-Apr-2019 20:15:01 UTC] PHP Fatal error:  Uncaught exception 'PDOException' with message 'SQLSTATE[HY093]: Invalid parameter number: no parameters were bound' in /home/ubuntu/workspace/cst336-sp2019/practice/poll_lab/api/updateAnswers.php:12
Stack trace:
#0 /home/ubuntu/workspace/cst336-sp2019/practice/poll_lab/api/updateAnswers.php(12): PDOStatement->execute(NULL)
#1 {main}
  thrown in /home/ubuntu/workspace/cst336-sp2019/practice/poll_lab/api/updateAnswers.php on line 12
[22-Apr-2019 20:15:21 UTC] PHP Fatal error:  Uncaught exception 'PDOException' with message 'SQLSTATE[42000]: Syntax error or access violation: 1064 You have an error in your SQL syntax; check the manual that corresponds to your MySQL server version for the right syntax to use near ''option5' + 1 WHERE pollId = 'q1'' at line 1' in /home/ubuntu/workspace/cst336-sp2019/practice/poll_lab/api/updateAnswers.php:12
Stack trace:
#0 /home/ubuntu/workspace/cst336-sp2019/practice/poll_lab/api/updateAnswers.php(12): PDOStatement->execute(Array)
#1 {main}
  thrown in /home/ubuntu/workspace/cst336-sp2019/practice/poll_lab/api/updateAnswers.php on line 12
[22-Apr-2019 20:15:50 UTC] PHP Fatal error:  Uncaught exception 'PDOException' with message 'SQLSTATE[42000]: Syntax error or access violation: 1064 You have an error in your SQL syntax; check the manual that corresponds to your MySQL server version for the right syntax to use near ''option5' + 1 WHERE pollId = 'q1'' at line 1' in /home/ubuntu/workspace/cst336-sp2019/practice/poll_lab/api/updateAnswers.php:12
Stack trace:
#0 /home/ubuntu/workspace/cst336-sp2019/practice/poll_lab/api/updateAnswers.php(12): PDOStatement->execute(Array)
#1 {main}
  thrown in /home/ubuntu/workspace/cst336-sp2019/practice/poll_lab/api/updateAnswers.php on line 12
[22-Apr-2019 20:17:32 UTC] PHP Fatal error:  Uncaught exception 'PDOException' with message 'SQLSTATE[42000]: Syntax error or access violation: 1064 You have an error in your SQL syntax; check the manual that corresponds to your MySQL server version for the right syntax to use near ''option5' + 1 WHERE pollId = 'q1'' at line 1' in /home/ubuntu/workspace/cst336-sp2019/practice/poll_lab/api/updateAnswers.php:12
Stack trace:
#0 /home/ubuntu/workspace/cst336-sp2019/practice/poll_lab/api/updateAnswers.php(12): PDOStatement->execute(Array)
#1 {main}
  thrown in /home/ubuntu/workspace/cst336-sp2019/practice/poll_lab/api/updateAnswers.php on line 12
[22-Apr-2019 20:18:56 UTC] PHP Fatal error:  Uncaught exception 'PDOException' with message 'SQLSTATE[42000]: Syntax error or access violation: 1064 You have an error in your SQL syntax; check the manual that corresponds to your MySQL server version for the right syntax to use near ''option5' = 5 WHERE pollId = 'q1'' at line 1' in /home/ubuntu/workspace/cst336-sp2019/practice/poll_lab/api/updateAnswers.php:12
Stack trace:
#0 /home/ubuntu/workspace/cst336-sp2019/practice/poll_lab/api/updateAnswers.php(12): PDOStatement->execute(Array)
#1 {main}
  thrown in /home/ubuntu/workspace/cst336-sp2019/practice/poll_lab/api/updateAnswers.php on line 12
[22-Apr-2019 20:22:31 UTC] PHP Fatal error:  Uncaught exception 'PDOException' with message 'SQLSTATE[42000]: Syntax error or access violation: 1064 You have an error in your SQL syntax; check the manual that corresponds to your MySQL server version for the right syntax to use near 'NULL = 5 WHERE pollId = NULL' at line 1' in /home/ubuntu/workspace/cst336-sp2019/practice/poll_lab/api/updateAnswers.php:12
Stack trace:
#0 /home/ubuntu/workspace/cst336-sp2019/practice/poll_lab/api/updateAnswers.php(12): PDOStatement->execute(Array)
#1 {main}
  thrown in /home/ubuntu/workspace/cst336-sp2019/practice/poll_lab/api/updateAnswers.php on line 12
[22-Apr-2019 20:24:52 UTC] PHP Fatal error:  Uncaught exception 'PDOException' with message 'SQLSTATE[42000]: Syntax error or access violation: 1064 You have an error in your SQL syntax; check the manual that corresponds to your MySQL server version for the right syntax to use near ''option5' = 5 WHERE pollId = 'q1'' at line 1' in /home/ubuntu/workspace/cst336-sp2019/practice/poll_lab/api/updateAnswers.php:13
Stack trace:
#0 /home/ubuntu/workspace/cst336-sp2019/practice/poll_lab/api/updateAnswers.php(13): PDOStatement->execute(Array)
#1 {main}
  thrown in /home/ubuntu/workspace/cst336-sp2019/practice/poll_lab/api/updateAnswers.php on line 13
[22-Apr-2019 20:26:31 UTC] PHP Fatal error:  Uncaught exception 'PDOException' with message 'SQLSTATE[42S22]: Column not found: 1054 Unknown column ''option5'' in 'field list'' in /home/ubuntu/workspace/cst336-sp2019/practice/poll_lab/api/updateAnswers.php:13
Stack trace:
#0 /home/ubuntu/workspace/cst336-sp2019/practice/poll_lab/api/updateAnswers.php(13): PDOStatement->execute(Array)
#1 {main}
  thrown in /home/ubuntu/workspace/cst336-sp2019/practice/poll_lab/api/updateAnswers.php on line 13
[22-Apr-2019 20:27:15 UTC] PHP Fatal error:  Uncaught exception 'PDOException' with message 'SQLSTATE[42000]: Syntax error or access violation: 1064 You have an error in your SQL syntax; check the manual that corresponds to your MySQL server version for the right syntax to use near ''option4' = 5 WHERE pollId = 'q1'' at line 1' in /home/ubuntu/workspace/cst336-sp2019/practice/poll_lab/api/updateAnswers.php:13
Stack trace:
#0 /home/ubuntu/workspace/cst336-sp2019/practice/poll_lab/api/updateAnswers.php(13): PDOStatement->execute(Array)
#1 {main}
  thrown in /home/ubuntu/workspace/cst336-sp2019/practice/poll_lab/api/updateAnswers.php on line 13
[22-Apr-2019 20:28:52 UTC] PHP Parse error:  syntax error, unexpected '[' in /home/ubuntu/workspace/cst336-sp2019/practice/poll_lab/api/updateAnswers.php on line 10
[22-Apr-2019 20:29:22 UTC] PHP Fatal error:  Uncaught exception 'PDOException' with message 'SQLSTATE[HY000]: General error' in /home/ubuntu/workspace/cst336-sp2019/practice/poll_lab/api/updateAnswers.php:14
Stack trace:
#0 /home/ubuntu/workspace/cst336-sp2019/practice/poll_lab/api/updateAnswers.php(14): PDOStatement->fetchAll(2)
#1 {main}
  thrown in /home/ubuntu/workspace/cst336-sp2019/practice/poll_lab/api/updateAnswers.php on line 14
[22-Apr-2019 20:32:49 UTC] PHP Parse error:  syntax error, unexpected '\' (T_NS_SEPARATOR), expecting identifier (T_STRING) in /home/ubuntu/workspace/cst336-sp2019/practice/poll_lab/api/updateAnswers.php on line 5
[22-Apr-2019 20:33:00 UTC] PHP Parse error:  syntax error, unexpected '\' (T_NS_SEPARATOR), expecting identifier (T_STRING) in /home/ubuntu/workspace/cst336-sp2019/practice/poll_lab/api/updateAnswers.php on line 5
[22-Apr-2019 20:33:09 UTC] PHP Parse error:  syntax error, unexpected '\' (T_NS_SEPARATOR), expecting identifier (T_STRING) in /home/ubuntu/workspace/cst336-sp2019/practice/poll_lab/api/updateAnswers.php on line 5
[22-Apr-2019 20:34:20 UTC] PHP Fatal error:  Uncaught exception 'PDOException' with message 'SQLSTATE[42000]: Syntax error or access violation: 1064 You have an error in your SQL syntax; check the manual that corresponds to your MySQL server version for the right syntax to use near '+ 1 WHERE 1' at line 1' in /home/ubuntu/workspace/cst336-sp2019/practice/poll_lab/api/updateAnswers.php:13
Stack trace:
#0 /home/ubuntu/workspace/cst336-sp2019/practice/poll_lab/api/updateAnswers.php(13): PDOStatement->execute()
#1 {main}
  thrown in /home/ubuntu/workspace/cst336-sp2019/practice/poll_lab/api/updateAnswers.php on line 13
[22-Apr-2019 20:38:57 UTC] PHP Fatal error:  Uncaught exception 'PDOException' with message 'SQLSTATE[HY093]: Invalid parameter number: no parameters were bound' in /home/ubuntu/workspace/cst336-sp2019/practice/poll_lab/api/updateAnswers.php:13
Stack trace:
#0 /home/ubuntu/workspace/cst336-sp2019/practice/poll_lab/api/updateAnswers.php(13): PDOStatement->execute()
#1 {main}
  thrown in /home/ubuntu/workspace/cst336-sp2019/practice/poll_lab/api/updateAnswers.php on line 13
