[04-Apr-2019 04:39:14 UTC] PHP Fatal error:  Uncaught exception 'PDOException' with message 'SQLSTATE[42000]: Syntax error or access violation: 1064 You have an error in your SQL syntax; check the manual that corresponds to your MySQL server version for the right syntax to use near '1' at line 1' in /home/ubuntu/workspace/cst336-sp2019/lab/lab7/php/getProduct.php:9
Stack trace:
#0 /home/ubuntu/workspace/cst336-sp2019/lab/lab7/php/getProduct.php(9): PDOStatement->execute(Array)
#1 {main}
  thrown in /home/ubuntu/workspace/cst336-sp2019/lab/lab7/php/getProduct.php on line 9
[04-Apr-2019 04:39:59 UTC] PHP Warning:  include(../dbConnection.php): failed to open stream: No such file or directory in /home/ubuntu/workspace/cst336-sp2019/lab/lab7/php/getProduct.php on line 2
[04-Apr-2019 04:39:59 UTC] PHP Stack trace:
[04-Apr-2019 04:39:59 UTC] PHP   1. {main}() /home/ubuntu/workspace/cst336-sp2019/lab/lab7/php/getProduct.php:0
[04-Apr-2019 04:39:59 UTC] PHP Warning:  include(): Failed opening '../dbConnection.php' for inclusion (include_path='.:/usr/share/php:/usr/share/pear') in /home/ubuntu/workspace/cst336-sp2019/lab/lab7/php/getProduct.php on line 2
[04-Apr-2019 04:39:59 UTC] PHP Stack trace:
[04-Apr-2019 04:39:59 UTC] PHP   1. {main}() /home/ubuntu/workspace/cst336-sp2019/lab/lab7/php/getProduct.php:0
[04-Apr-2019 04:39:59 UTC] PHP Fatal error:  Call to undefined function getDatabaseConnection() in /home/ubuntu/workspace/cst336-sp2019/lab/lab7/php/getProduct.php on line 4
[04-Apr-2019 04:39:59 UTC] PHP Stack trace:
[04-Apr-2019 04:39:59 UTC] PHP   1. {main}() /home/ubuntu/workspace/cst336-sp2019/lab/lab7/php/getProduct.php:0
[04-Apr-2019 04:42:45 UTC] PHP Fatal error:  Uncaught exception 'PDOException' with message 'SQLSTATE[42S22]: Column not found: 1054 Unknown column 'prductImage' in 'field list'' in /home/ubuntu/workspace/cst336-sp2019/lab/lab7/php/getProduct.php:9
Stack trace:
#0 /home/ubuntu/workspace/cst336-sp2019/lab/lab7/php/getProduct.php(9): PDOStatement->execute()
#1 {main}
  thrown in /home/ubuntu/workspace/cst336-sp2019/lab/lab7/php/getProduct.php on line 9
[04-Apr-2019 22:36:00 UTC] PHP Warning:  include(../dbConnection.php): failed to open stream: No such file or directory in /home/ubuntu/workspace/cst336-sp2019/lab/lab7/api/getCategories.php on line 3
[04-Apr-2019 22:36:00 UTC] PHP Stack trace:
[04-Apr-2019 22:36:00 UTC] PHP   1. {main}() /home/ubuntu/workspace/cst336-sp2019/lab/lab7/api/getCategories.php:0
[04-Apr-2019 22:36:00 UTC] PHP Warning:  include(): Failed opening '../dbConnection.php' for inclusion (include_path='.:/usr/share/php:/usr/share/pear') in /home/ubuntu/workspace/cst336-sp2019/lab/lab7/api/getCategories.php on line 3
[04-Apr-2019 22:36:00 UTC] PHP Stack trace:
[04-Apr-2019 22:36:00 UTC] PHP   1. {main}() /home/ubuntu/workspace/cst336-sp2019/lab/lab7/api/getCategories.php:0
[04-Apr-2019 22:36:00 UTC] PHP Fatal error:  Call to undefined function getDatabaseConnection() in /home/ubuntu/workspace/cst336-sp2019/lab/lab7/api/getCategories.php on line 5
[04-Apr-2019 22:36:00 UTC] PHP Stack trace:
[04-Apr-2019 22:36:00 UTC] PHP   1. {main}() /home/ubuntu/workspace/cst336-sp2019/lab/lab7/api/getCategories.php:0
[05-Apr-2019 01:52:03 UTC] PHP Warning:  include(../dbConnection.php): failed to open stream: No such file or directory in /home/ubuntu/workspace/cst336-sp2019/lab/lab7/api/getSearchResults.php on line 3
[05-Apr-2019 01:52:03 UTC] PHP Stack trace:
[05-Apr-2019 01:52:03 UTC] PHP   1. {main}() /home/ubuntu/workspace/cst336-sp2019/lab/lab7/api/getSearchResults.php:0
[05-Apr-2019 01:52:03 UTC] PHP Warning:  include(): Failed opening '../dbConnection.php' for inclusion (include_path='.:/usr/share/php:/usr/share/pear') in /home/ubuntu/workspace/cst336-sp2019/lab/lab7/api/getSearchResults.php on line 3
[05-Apr-2019 01:52:03 UTC] PHP Stack trace:
[05-Apr-2019 01:52:03 UTC] PHP   1. {main}() /home/ubuntu/workspace/cst336-sp2019/lab/lab7/api/getSearchResults.php:0
[05-Apr-2019 01:52:03 UTC] PHP Fatal error:  Call to undefined function getDatabaseConnection() in /home/ubuntu/workspace/cst336-sp2019/lab/lab7/api/getSearchResults.php on line 4
[05-Apr-2019 01:52:03 UTC] PHP Stack trace:
[05-Apr-2019 01:52:03 UTC] PHP   1. {main}() /home/ubuntu/workspace/cst336-sp2019/lab/lab7/api/getSearchResults.php:0
[05-Apr-2019 01:52:05 UTC] PHP Warning:  include(../dbConnection.php): failed to open stream: No such file or directory in /home/ubuntu/workspace/cst336-sp2019/lab/lab7/api/getSearchResults.php on line 3
[05-Apr-2019 01:52:05 UTC] PHP Stack trace:
[05-Apr-2019 01:52:05 UTC] PHP   1. {main}() /home/ubuntu/workspace/cst336-sp2019/lab/lab7/api/getSearchResults.php:0
[05-Apr-2019 01:52:05 UTC] PHP Warning:  include(): Failed opening '../dbConnection.php' for inclusion (include_path='.:/usr/share/php:/usr/share/pear') in /home/ubuntu/workspace/cst336-sp2019/lab/lab7/api/getSearchResults.php on line 3
[05-Apr-2019 01:52:05 UTC] PHP Stack trace:
[05-Apr-2019 01:52:05 UTC] PHP   1. {main}() /home/ubuntu/workspace/cst336-sp2019/lab/lab7/api/getSearchResults.php:0
[05-Apr-2019 01:52:05 UTC] PHP Fatal error:  Call to undefined function getDatabaseConnection() in /home/ubuntu/workspace/cst336-sp2019/lab/lab7/api/getSearchResults.php on line 4
[05-Apr-2019 01:52:05 UTC] PHP Stack trace:
[05-Apr-2019 01:52:05 UTC] PHP   1. {main}() /home/ubuntu/workspace/cst336-sp2019/lab/lab7/api/getSearchResults.php:0
