[10-May-2019 18:18:22 UTC] PHP Fatal error:  Uncaught exception 'PDOException' with message 'SQLSTATE[23000]: Integrity constraint violation: 1062 Duplicate entry '4' for key 'PRIMARY'' in /home/ubuntu/workspace/cst336-sp2019/final/quicktube/api/addPlaylist.php:19
Stack trace:
#0 /home/ubuntu/workspace/cst336-sp2019/final/quicktube/api/addPlaylist.php(19): PDOStatement->execute()
#1 {main}
  thrown in /home/ubuntu/workspace/cst336-sp2019/final/quicktube/api/addPlaylist.php on line 19
[10-May-2019 18:18:33 UTC] PHP Fatal error:  Uncaught exception 'PDOException' with message 'SQLSTATE[23000]: Integrity constraint violation: 1062 Duplicate entry '4' for key 'PRIMARY'' in /home/ubuntu/workspace/cst336-sp2019/final/quicktube/api/addPlaylist.php:19
Stack trace:
#0 /home/ubuntu/workspace/cst336-sp2019/final/quicktube/api/addPlaylist.php(19): PDOStatement->execute()
#1 {main}
  thrown in /home/ubuntu/workspace/cst336-sp2019/final/quicktube/api/addPlaylist.php on line 19
[10-May-2019 18:18:34 UTC] PHP Fatal error:  Uncaught exception 'PDOException' with message 'SQLSTATE[23000]: Integrity constraint violation: 1062 Duplicate entry '4' for key 'PRIMARY'' in /home/ubuntu/workspace/cst336-sp2019/final/quicktube/api/addPlaylist.php:19
Stack trace:
#0 /home/ubuntu/workspace/cst336-sp2019/final/quicktube/api/addPlaylist.php(19): PDOStatement->execute()
#1 {main}
  thrown in /home/ubuntu/workspace/cst336-sp2019/final/quicktube/api/addPlaylist.php on line 19
[10-May-2019 18:18:35 UTC] PHP Fatal error:  Uncaught exception 'PDOException' with message 'SQLSTATE[23000]: Integrity constraint violation: 1062 Duplicate entry '4' for key 'PRIMARY'' in /home/ubuntu/workspace/cst336-sp2019/final/quicktube/api/addPlaylist.php:19
Stack trace:
#0 /home/ubuntu/workspace/cst336-sp2019/final/quicktube/api/addPlaylist.php(19): PDOStatement->execute()
#1 {main}
  thrown in /home/ubuntu/workspace/cst336-sp2019/final/quicktube/api/addPlaylist.php on line 19
[10-May-2019 18:18:36 UTC] PHP Fatal error:  Uncaught exception 'PDOException' with message 'SQLSTATE[23000]: Integrity constraint violation: 1062 Duplicate entry '4' for key 'PRIMARY'' in /home/ubuntu/workspace/cst336-sp2019/final/quicktube/api/addPlaylist.php:19
Stack trace:
#0 /home/ubuntu/workspace/cst336-sp2019/final/quicktube/api/addPlaylist.php(19): PDOStatement->execute()
#1 {main}
  thrown in /home/ubuntu/workspace/cst336-sp2019/final/quicktube/api/addPlaylist.php on line 19
[10-May-2019 18:18:43 UTC] PHP Fatal error:  Uncaught exception 'PDOException' with message 'SQLSTATE[23000]: Integrity constraint violation: 1062 Duplicate entry '4' for key 'PRIMARY'' in /home/ubuntu/workspace/cst336-sp2019/final/quicktube/api/addPlaylist.php:19
Stack trace:
#0 /home/ubuntu/workspace/cst336-sp2019/final/quicktube/api/addPlaylist.php(19): PDOStatement->execute()
#1 {main}
  thrown in /home/ubuntu/workspace/cst336-sp2019/final/quicktube/api/addPlaylist.php on line 19
[10-May-2019 18:18:44 UTC] PHP Fatal error:  Uncaught exception 'PDOException' with message 'SQLSTATE[23000]: Integrity constraint violation: 1062 Duplicate entry '4' for key 'PRIMARY'' in /home/ubuntu/workspace/cst336-sp2019/final/quicktube/api/addPlaylist.php:19
Stack trace:
#0 /home/ubuntu/workspace/cst336-sp2019/final/quicktube/api/addPlaylist.php(19): PDOStatement->execute()
#1 {main}
  thrown in /home/ubuntu/workspace/cst336-sp2019/final/quicktube/api/addPlaylist.php on line 19
[10-May-2019 18:18:44 UTC] PHP Fatal error:  Uncaught exception 'PDOException' with message 'SQLSTATE[23000]: Integrity constraint violation: 1062 Duplicate entry '4' for key 'PRIMARY'' in /home/ubuntu/workspace/cst336-sp2019/final/quicktube/api/addPlaylist.php:19
Stack trace:
#0 /home/ubuntu/workspace/cst336-sp2019/final/quicktube/api/addPlaylist.php(19): PDOStatement->execute()
#1 {main}
  thrown in /home/ubuntu/workspace/cst336-sp2019/final/quicktube/api/addPlaylist.php on line 19
[10-May-2019 18:18:44 UTC] PHP Fatal error:  Uncaught exception 'PDOException' with message 'SQLSTATE[23000]: Integrity constraint violation: 1062 Duplicate entry '4' for key 'PRIMARY'' in /home/ubuntu/workspace/cst336-sp2019/final/quicktube/api/addPlaylist.php:19
Stack trace:
#0 /home/ubuntu/workspace/cst336-sp2019/final/quicktube/api/addPlaylist.php(19): PDOStatement->execute()
#1 {main}
  thrown in /home/ubuntu/workspace/cst336-sp2019/final/quicktube/api/addPlaylist.php on line 19
[10-May-2019 18:18:44 UTC] PHP Fatal error:  Uncaught exception 'PDOException' with message 'SQLSTATE[23000]: Integrity constraint violation: 1062 Duplicate entry '4' for key 'PRIMARY'' in /home/ubuntu/workspace/cst336-sp2019/final/quicktube/api/addPlaylist.php:19
Stack trace:
#0 /home/ubuntu/workspace/cst336-sp2019/final/quicktube/api/addPlaylist.php(19): PDOStatement->execute()
#1 {main}
  thrown in /home/ubuntu/workspace/cst336-sp2019/final/quicktube/api/addPlaylist.php on line 19
[10-May-2019 18:18:44 UTC] PHP Fatal error:  Uncaught exception 'PDOException' with message 'SQLSTATE[23000]: Integrity constraint violation: 1062 Duplicate entry '4' for key 'PRIMARY'' in /home/ubuntu/workspace/cst336-sp2019/final/quicktube/api/addPlaylist.php:19
Stack trace:
#0 /home/ubuntu/workspace/cst336-sp2019/final/quicktube/api/addPlaylist.php(19): PDOStatement->execute()
#1 {main}
  thrown in /home/ubuntu/workspace/cst336-sp2019/final/quicktube/api/addPlaylist.php on line 19
[10-May-2019 18:18:44 UTC] PHP Fatal error:  Uncaught exception 'PDOException' with message 'SQLSTATE[23000]: Integrity constraint violation: 1062 Duplicate entry '4' for key 'PRIMARY'' in /home/ubuntu/workspace/cst336-sp2019/final/quicktube/api/addPlaylist.php:19
Stack trace:
#0 /home/ubuntu/workspace/cst336-sp2019/final/quicktube/api/addPlaylist.php(19): PDOStatement->execute()
#1 {main}
  thrown in /home/ubuntu/workspace/cst336-sp2019/final/quicktube/api/addPlaylist.php on line 19
[10-May-2019 18:18:45 UTC] PHP Fatal error:  Uncaught exception 'PDOException' with message 'SQLSTATE[23000]: Integrity constraint violation: 1062 Duplicate entry '4' for key 'PRIMARY'' in /home/ubuntu/workspace/cst336-sp2019/final/quicktube/api/addPlaylist.php:19
Stack trace:
#0 /home/ubuntu/workspace/cst336-sp2019/final/quicktube/api/addPlaylist.php(19): PDOStatement->execute()
#1 {main}
  thrown in /home/ubuntu/workspace/cst336-sp2019/final/quicktube/api/addPlaylist.php on line 19
[10-May-2019 18:18:56 UTC] PHP Fatal error:  Uncaught exception 'PDOException' with message 'SQLSTATE[23000]: Integrity constraint violation: 1062 Duplicate entry '4' for key 'PRIMARY'' in /home/ubuntu/workspace/cst336-sp2019/final/quicktube/api/addPlaylist.php:19
Stack trace:
#0 /home/ubuntu/workspace/cst336-sp2019/final/quicktube/api/addPlaylist.php(19): PDOStatement->execute()
#1 {main}
  thrown in /home/ubuntu/workspace/cst336-sp2019/final/quicktube/api/addPlaylist.php on line 19
[10-May-2019 18:19:06 UTC] PHP Fatal error:  Uncaught exception 'PDOException' with message 'SQLSTATE[23000]: Integrity constraint violation: 1062 Duplicate entry '4' for key 'PRIMARY'' in /home/ubuntu/workspace/cst336-sp2019/final/quicktube/api/addPlaylist.php:19
Stack trace:
#0 /home/ubuntu/workspace/cst336-sp2019/final/quicktube/api/addPlaylist.php(19): PDOStatement->execute()
#1 {main}
  thrown in /home/ubuntu/workspace/cst336-sp2019/final/quicktube/api/addPlaylist.php on line 19
[10-May-2019 18:19:06 UTC] PHP Fatal error:  Uncaught exception 'PDOException' with message 'SQLSTATE[23000]: Integrity constraint violation: 1062 Duplicate entry '4' for key 'PRIMARY'' in /home/ubuntu/workspace/cst336-sp2019/final/quicktube/api/addPlaylist.php:19
Stack trace:
#0 /home/ubuntu/workspace/cst336-sp2019/final/quicktube/api/addPlaylist.php(19): PDOStatement->execute()
#1 {main}
  thrown in /home/ubuntu/workspace/cst336-sp2019/final/quicktube/api/addPlaylist.php on line 19
[10-May-2019 18:19:07 UTC] PHP Fatal error:  Uncaught exception 'PDOException' with message 'SQLSTATE[23000]: Integrity constraint violation: 1062 Duplicate entry '4' for key 'PRIMARY'' in /home/ubuntu/workspace/cst336-sp2019/final/quicktube/api/addPlaylist.php:19
Stack trace:
#0 /home/ubuntu/workspace/cst336-sp2019/final/quicktube/api/addPlaylist.php(19): PDOStatement->execute()
#1 {main}
  thrown in /home/ubuntu/workspace/cst336-sp2019/final/quicktube/api/addPlaylist.php on line 19
[10-May-2019 18:19:07 UTC] PHP Fatal error:  Uncaught exception 'PDOException' with message 'SQLSTATE[23000]: Integrity constraint violation: 1062 Duplicate entry '4' for key 'PRIMARY'' in /home/ubuntu/workspace/cst336-sp2019/final/quicktube/api/addPlaylist.php:19
Stack trace:
#0 /home/ubuntu/workspace/cst336-sp2019/final/quicktube/api/addPlaylist.php(19): PDOStatement->execute()
#1 {main}
  thrown in /home/ubuntu/workspace/cst336-sp2019/final/quicktube/api/addPlaylist.php on line 19
[10-May-2019 18:19:07 UTC] PHP Fatal error:  Uncaught exception 'PDOException' with message 'SQLSTATE[23000]: Integrity constraint violation: 1062 Duplicate entry '4' for key 'PRIMARY'' in /home/ubuntu/workspace/cst336-sp2019/final/quicktube/api/addPlaylist.php:19
Stack trace:
#0 /home/ubuntu/workspace/cst336-sp2019/final/quicktube/api/addPlaylist.php(19): PDOStatement->execute()
#1 {main}
  thrown in /home/ubuntu/workspace/cst336-sp2019/final/quicktube/api/addPlaylist.php on line 19
[10-May-2019 18:19:07 UTC] PHP Fatal error:  Uncaught exception 'PDOException' with message 'SQLSTATE[23000]: Integrity constraint violation: 1062 Duplicate entry '4' for key 'PRIMARY'' in /home/ubuntu/workspace/cst336-sp2019/final/quicktube/api/addPlaylist.php:19
Stack trace:
#0 /home/ubuntu/workspace/cst336-sp2019/final/quicktube/api/addPlaylist.php(19): PDOStatement->execute()
#1 {main}
  thrown in /home/ubuntu/workspace/cst336-sp2019/final/quicktube/api/addPlaylist.php on line 19
[10-May-2019 18:19:08 UTC] PHP Fatal error:  Uncaught exception 'PDOException' with message 'SQLSTATE[23000]: Integrity constraint violation: 1062 Duplicate entry '4' for key 'PRIMARY'' in /home/ubuntu/workspace/cst336-sp2019/final/quicktube/api/addPlaylist.php:19
Stack trace:
#0 /home/ubuntu/workspace/cst336-sp2019/final/quicktube/api/addPlaylist.php(19): PDOStatement->execute()
#1 {main}
  thrown in /home/ubuntu/workspace/cst336-sp2019/final/quicktube/api/addPlaylist.php on line 19
[10-May-2019 18:19:08 UTC] PHP Fatal error:  Uncaught exception 'PDOException' with message 'SQLSTATE[23000]: Integrity constraint violation: 1062 Duplicate entry '4' for key 'PRIMARY'' in /home/ubuntu/workspace/cst336-sp2019/final/quicktube/api/addPlaylist.php:19
Stack trace:
#0 /home/ubuntu/workspace/cst336-sp2019/final/quicktube/api/addPlaylist.php(19): PDOStatement->execute()
#1 {main}
  thrown in /home/ubuntu/workspace/cst336-sp2019/final/quicktube/api/addPlaylist.php on line 19
[10-May-2019 18:19:08 UTC] PHP Fatal error:  Uncaught exception 'PDOException' with message 'SQLSTATE[23000]: Integrity constraint violation: 1062 Duplicate entry '4' for key 'PRIMARY'' in /home/ubuntu/workspace/cst336-sp2019/final/quicktube/api/addPlaylist.php:19
Stack trace:
#0 /home/ubuntu/workspace/cst336-sp2019/final/quicktube/api/addPlaylist.php(19): PDOStatement->execute()
#1 {main}
  thrown in /home/ubuntu/workspace/cst336-sp2019/final/quicktube/api/addPlaylist.php on line 19
[10-May-2019 18:19:08 UTC] PHP Fatal error:  Uncaught exception 'PDOException' with message 'SQLSTATE[23000]: Integrity constraint violation: 1062 Duplicate entry '4' for key 'PRIMARY'' in /home/ubuntu/workspace/cst336-sp2019/final/quicktube/api/addPlaylist.php:19
Stack trace:
#0 /home/ubuntu/workspace/cst336-sp2019/final/quicktube/api/addPlaylist.php(19): PDOStatement->execute()
#1 {main}
  thrown in /home/ubuntu/workspace/cst336-sp2019/final/quicktube/api/addPlaylist.php on line 19
[10-May-2019 18:19:08 UTC] PHP Fatal error:  Uncaught exception 'PDOException' with message 'SQLSTATE[23000]: Integrity constraint violation: 1062 Duplicate entry '4' for key 'PRIMARY'' in /home/ubuntu/workspace/cst336-sp2019/final/quicktube/api/addPlaylist.php:19
Stack trace:
#0 /home/ubuntu/workspace/cst336-sp2019/final/quicktube/api/addPlaylist.php(19): PDOStatement->execute()
#1 {main}
  thrown in /home/ubuntu/workspace/cst336-sp2019/final/quicktube/api/addPlaylist.php on line 19
[10-May-2019 18:19:09 UTC] PHP Fatal error:  Uncaught exception 'PDOException' with message 'SQLSTATE[23000]: Integrity constraint violation: 1062 Duplicate entry '4' for key 'PRIMARY'' in /home/ubuntu/workspace/cst336-sp2019/final/quicktube/api/addPlaylist.php:19
Stack trace:
#0 /home/ubuntu/workspace/cst336-sp2019/final/quicktube/api/addPlaylist.php(19): PDOStatement->execute()
#1 {main}
  thrown in /home/ubuntu/workspace/cst336-sp2019/final/quicktube/api/addPlaylist.php on line 19
[10-May-2019 18:19:09 UTC] PHP Fatal error:  Uncaught exception 'PDOException' with message 'SQLSTATE[23000]: Integrity constraint violation: 1062 Duplicate entry '4' for key 'PRIMARY'' in /home/ubuntu/workspace/cst336-sp2019/final/quicktube/api/addPlaylist.php:19
Stack trace:
#0 /home/ubuntu/workspace/cst336-sp2019/final/quicktube/api/addPlaylist.php(19): PDOStatement->execute()
#1 {main}
  thrown in /home/ubuntu/workspace/cst336-sp2019/final/quicktube/api/addPlaylist.php on line 19
[10-May-2019 18:19:09 UTC] PHP Fatal error:  Uncaught exception 'PDOException' with message 'SQLSTATE[23000]: Integrity constraint violation: 1062 Duplicate entry '4' for key 'PRIMARY'' in /home/ubuntu/workspace/cst336-sp2019/final/quicktube/api/addPlaylist.php:19
Stack trace:
#0 /home/ubuntu/workspace/cst336-sp2019/final/quicktube/api/addPlaylist.php(19): PDOStatement->execute()
#1 {main}
  thrown in /home/ubuntu/workspace/cst336-sp2019/final/quicktube/api/addPlaylist.php on line 19
[10-May-2019 18:19:33 UTC] PHP Fatal error:  Uncaught exception 'PDOException' with message 'SQLSTATE[23000]: Integrity constraint violation: 1062 Duplicate entry '4' for key 'PRIMARY'' in /home/ubuntu/workspace/cst336-sp2019/final/quicktube/api/addPlaylist.php:19
Stack trace:
#0 /home/ubuntu/workspace/cst336-sp2019/final/quicktube/api/addPlaylist.php(19): PDOStatement->execute()
#1 {main}
  thrown in /home/ubuntu/workspace/cst336-sp2019/final/quicktube/api/addPlaylist.php on line 19
[10-May-2019 18:19:34 UTC] PHP Fatal error:  Uncaught exception 'PDOException' with message 'SQLSTATE[23000]: Integrity constraint violation: 1062 Duplicate entry '4' for key 'PRIMARY'' in /home/ubuntu/workspace/cst336-sp2019/final/quicktube/api/addPlaylist.php:19
Stack trace:
#0 /home/ubuntu/workspace/cst336-sp2019/final/quicktube/api/addPlaylist.php(19): PDOStatement->execute()
#1 {main}
  thrown in /home/ubuntu/workspace/cst336-sp2019/final/quicktube/api/addPlaylist.php on line 19
[10-May-2019 18:19:35 UTC] PHP Fatal error:  Uncaught exception 'PDOException' with message 'SQLSTATE[23000]: Integrity constraint violation: 1062 Duplicate entry '4' for key 'PRIMARY'' in /home/ubuntu/workspace/cst336-sp2019/final/quicktube/api/addPlaylist.php:19
Stack trace:
#0 /home/ubuntu/workspace/cst336-sp2019/final/quicktube/api/addPlaylist.php(19): PDOStatement->execute()
#1 {main}
  thrown in /home/ubuntu/workspace/cst336-sp2019/final/quicktube/api/addPlaylist.php on line 19
[10-May-2019 18:19:35 UTC] PHP Fatal error:  Uncaught exception 'PDOException' with message 'SQLSTATE[23000]: Integrity constraint violation: 1062 Duplicate entry '4' for key 'PRIMARY'' in /home/ubuntu/workspace/cst336-sp2019/final/quicktube/api/addPlaylist.php:19
Stack trace:
#0 /home/ubuntu/workspace/cst336-sp2019/final/quicktube/api/addPlaylist.php(19): PDOStatement->execute()
#1 {main}
  thrown in /home/ubuntu/workspace/cst336-sp2019/final/quicktube/api/addPlaylist.php on line 19
[10-May-2019 18:19:35 UTC] PHP Fatal error:  Uncaught exception 'PDOException' with message 'SQLSTATE[23000]: Integrity constraint violation: 1062 Duplicate entry '4' for key 'PRIMARY'' in /home/ubuntu/workspace/cst336-sp2019/final/quicktube/api/addPlaylist.php:19
Stack trace:
#0 /home/ubuntu/workspace/cst336-sp2019/final/quicktube/api/addPlaylist.php(19): PDOStatement->execute()
#1 {main}
  thrown in /home/ubuntu/workspace/cst336-sp2019/final/quicktube/api/addPlaylist.php on line 19
[10-May-2019 18:20:27 UTC] PHP Fatal error:  Uncaught exception 'PDOException' with message 'SQLSTATE[23000]: Integrity constraint violation: 1062 Duplicate entry '4' for key 'PRIMARY'' in /home/ubuntu/workspace/cst336-sp2019/final/quicktube/api/addPlaylist.php:19
Stack trace:
#0 /home/ubuntu/workspace/cst336-sp2019/final/quicktube/api/addPlaylist.php(19): PDOStatement->execute()
#1 {main}
  thrown in /home/ubuntu/workspace/cst336-sp2019/final/quicktube/api/addPlaylist.php on line 19
[10-May-2019 18:24:25 UTC] PHP Fatal error:  Uncaught exception 'PDOException' with message 'SQLSTATE[23000]: Integrity constraint violation: 1062 Duplicate entry '4' for key 'PRIMARY'' in /home/ubuntu/workspace/cst336-sp2019/final/quicktube/api/addPlaylist.php:19
Stack trace:
#0 /home/ubuntu/workspace/cst336-sp2019/final/quicktube/api/addPlaylist.php(19): PDOStatement->execute()
#1 {main}
  thrown in /home/ubuntu/workspace/cst336-sp2019/final/quicktube/api/addPlaylist.php on line 19
[10-May-2019 18:24:26 UTC] PHP Fatal error:  Uncaught exception 'PDOException' with message 'SQLSTATE[23000]: Integrity constraint violation: 1062 Duplicate entry '4' for key 'PRIMARY'' in /home/ubuntu/workspace/cst336-sp2019/final/quicktube/api/addPlaylist.php:19
Stack trace:
#0 /home/ubuntu/workspace/cst336-sp2019/final/quicktube/api/addPlaylist.php(19): PDOStatement->execute()
#1 {main}
  thrown in /home/ubuntu/workspace/cst336-sp2019/final/quicktube/api/addPlaylist.php on line 19
[10-May-2019 18:24:27 UTC] PHP Fatal error:  Uncaught exception 'PDOException' with message 'SQLSTATE[23000]: Integrity constraint violation: 1062 Duplicate entry '4' for key 'PRIMARY'' in /home/ubuntu/workspace/cst336-sp2019/final/quicktube/api/addPlaylist.php:19
Stack trace:
#0 /home/ubuntu/workspace/cst336-sp2019/final/quicktube/api/addPlaylist.php(19): PDOStatement->execute()
#1 {main}
  thrown in /home/ubuntu/workspace/cst336-sp2019/final/quicktube/api/addPlaylist.php on line 19
[10-May-2019 18:24:28 UTC] PHP Fatal error:  Uncaught exception 'PDOException' with message 'SQLSTATE[23000]: Integrity constraint violation: 1062 Duplicate entry '4' for key 'PRIMARY'' in /home/ubuntu/workspace/cst336-sp2019/final/quicktube/api/addPlaylist.php:19
Stack trace:
#0 /home/ubuntu/workspace/cst336-sp2019/final/quicktube/api/addPlaylist.php(19): PDOStatement->execute()
#1 {main}
  thrown in /home/ubuntu/workspace/cst336-sp2019/final/quicktube/api/addPlaylist.php on line 19
[10-May-2019 18:28:16 UTC] PHP Fatal error:  Uncaught exception 'PDOException' with message 'SQLSTATE[23000]: Integrity constraint violation: 1062 Duplicate entry '4' for key 'PRIMARY'' in /home/ubuntu/workspace/cst336-sp2019/final/quicktube/api/addPlaylist.php:19
Stack trace:
#0 /home/ubuntu/workspace/cst336-sp2019/final/quicktube/api/addPlaylist.php(19): PDOStatement->execute()
#1 {main}
  thrown in /home/ubuntu/workspace/cst336-sp2019/final/quicktube/api/addPlaylist.php on line 19
