[11-Mar-2019 21:03:16 UTC] PHP Parse error:  syntax error, unexpected 'antonio' (T_STRING), expecting ']' in /home/ubuntu/workspace/cst336-sp2019/lab/lab5/checkUsername.php on line 3
[11-Mar-2019 21:03:42 UTC] PHP Parse error:  syntax error, unexpected 'antoniofelix' (T_STRING), expecting ']' in /home/ubuntu/workspace/cst336-sp2019/lab/lab5/checkUsername.php on line 8
[03-Apr-2019 22:37:11 UTC] PHP Fatal error:  Uncaught exception 'PDOException' with message 'SQLSTATE[HY093]: Invalid parameter number: parameter was not defined' in /home/ubuntu/workspace/cst336-sp2019/lab/lab7/login.php:41
Stack trace:
#0 /home/ubuntu/workspace/cst336-sp2019/lab/lab7/login.php(41): PDOStatement->execute(Array)
#1 {main}
  thrown in /home/ubuntu/workspace/cst336-sp2019/lab/lab7/login.php on line 41
[03-Apr-2019 22:37:13 UTC] PHP Fatal error:  Uncaught exception 'PDOException' with message 'SQLSTATE[HY093]: Invalid parameter number: parameter was not defined' in /home/ubuntu/workspace/cst336-sp2019/lab/lab7/login.php:41
Stack trace:
#0 /home/ubuntu/workspace/cst336-sp2019/lab/lab7/login.php(41): PDOStatement->execute(Array)
#1 {main}
  thrown in /home/ubuntu/workspace/cst336-sp2019/lab/lab7/login.php on line 41
[03-Apr-2019 22:37:33 UTC] PHP Fatal error:  Uncaught exception 'PDOException' with message 'SQLSTATE[HY093]: Invalid parameter number: parameter was not defined' in /home/ubuntu/workspace/cst336-sp2019/lab/lab7/login.php:41
Stack trace:
#0 /home/ubuntu/workspace/cst336-sp2019/lab/lab7/login.php(41): PDOStatement->execute(Array)
#1 {main}
  thrown in /home/ubuntu/workspace/cst336-sp2019/lab/lab7/login.php on line 41
[05-Apr-2019 05:23:31 UTC] PHP Warning:  include(classes/forms/edit.php): failed to open stream: No such file or directory in /home/ubuntu/workspace/cst336-sp2019/lab/lab7/index.php on line 76
[05-Apr-2019 05:23:31 UTC] PHP Stack trace:
[05-Apr-2019 05:23:31 UTC] PHP   1. {main}() /home/ubuntu/workspace/cst336-sp2019/lab/lab7/index.php:0
[05-Apr-2019 05:23:31 UTC] PHP Warning:  include(): Failed opening 'classes/forms/edit.php' for inclusion (include_path='.:/usr/share/php:/usr/share/pear') in /home/ubuntu/workspace/cst336-sp2019/lab/lab7/index.php on line 76
[05-Apr-2019 05:23:31 UTC] PHP Stack trace:
[05-Apr-2019 05:23:31 UTC] PHP   1. {main}() /home/ubuntu/workspace/cst336-sp2019/lab/lab7/index.php:0
[05-Apr-2019 05:41:09 UTC] PHP Warning:  include(classes/forms/edit.php): failed to open stream: No such file or directory in /home/ubuntu/workspace/cst336-sp2019/lab/lab7/index.php on line 76
[05-Apr-2019 05:41:09 UTC] PHP Stack trace:
[05-Apr-2019 05:41:09 UTC] PHP   1. {main}() /home/ubuntu/workspace/cst336-sp2019/lab/lab7/index.php:0
[05-Apr-2019 05:41:09 UTC] PHP Warning:  include(): Failed opening 'classes/forms/edit.php' for inclusion (include_path='.:/usr/share/php:/usr/share/pear') in /home/ubuntu/workspace/cst336-sp2019/lab/lab7/index.php on line 76
[05-Apr-2019 05:41:09 UTC] PHP Stack trace:
[05-Apr-2019 05:41:09 UTC] PHP   1. {main}() /home/ubuntu/workspace/cst336-sp2019/lab/lab7/index.php:0
[12-Apr-2019 00:42:24 UTC] PHP Fatal error:  Uncaught exception 'PDOException' with message 'SQLSTATE[42S22]: Column not found: 1054 Unknown column 'email' in 'where clause'' in /home/ubuntu/workspace/cst336-sp2019/lab/lab7/login.php:41
Stack trace:
#0 /home/ubuntu/workspace/cst336-sp2019/lab/lab7/login.php(41): PDOStatement->execute(Array)
#1 {main}
  thrown in /home/ubuntu/workspace/cst336-sp2019/lab/lab7/login.php on line 41
[12-Apr-2019 00:44:22 UTC] PHP Fatal error:  Uncaught exception 'PDOException' with message 'SQLSTATE[42S22]: Column not found: 1054 Unknown column 'username' in 'where clause'' in /home/ubuntu/workspace/cst336-sp2019/lab/lab7/login.php:41
Stack trace:
#0 /home/ubuntu/workspace/cst336-sp2019/lab/lab7/login.php(41): PDOStatement->execute(Array)
#1 {main}
  thrown in /home/ubuntu/workspace/cst336-sp2019/lab/lab7/login.php on line 41
[12-Apr-2019 00:44:24 UTC] PHP Fatal error:  Uncaught exception 'PDOException' with message 'SQLSTATE[42S22]: Column not found: 1054 Unknown column 'username' in 'where clause'' in /home/ubuntu/workspace/cst336-sp2019/lab/lab7/login.php:41
Stack trace:
#0 /home/ubuntu/workspace/cst336-sp2019/lab/lab7/login.php(41): PDOStatement->execute(Array)
#1 {main}
  thrown in /home/ubuntu/workspace/cst336-sp2019/lab/lab7/login.php on line 41
[17-Apr-2019 01:24:19 UTC] PHP Parse error:  syntax error, unexpected end of file in /home/ubuntu/workspace/cst336-sp2019/lab/lab7/login.php on line 87
[17-Apr-2019 01:24:45 UTC] PHP Parse error:  syntax error, unexpected end of file in /home/ubuntu/workspace/cst336-sp2019/lab/lab7/login.php on line 87
[17-Apr-2019 01:25:17 UTC] PHP Fatal error:  Call to a member function prepare() on a non-object in /home/ubuntu/workspace/cst336-sp2019/lab/lab7/login.php on line 55
[17-Apr-2019 01:25:17 UTC] PHP Stack trace:
[17-Apr-2019 01:25:17 UTC] PHP   1. {main}() /home/ubuntu/workspace/cst336-sp2019/lab/lab7/login.php:0
[17-Apr-2019 01:26:17 UTC] PHP Fatal error:  Uncaught exception 'PDOException' with message 'SQLSTATE[HY000] [1045] Access denied for user ''@'localhost' (using password: NO)' in /home/ubuntu/workspace/cst336-sp2019/lab/lab7/login.php:42
Stack trace:
#0 /home/ubuntu/workspace/cst336-sp2019/lab/lab7/login.php(42): PDO->__construct('mysql:host=0.0....', '', '')
#1 {main}
  thrown in /home/ubuntu/workspace/cst336-sp2019/lab/lab7/login.php on line 42
[17-Apr-2019 21:42:45 UTC] PHP Fatal error:  Uncaught exception 'PDOException' with message 'SQLSTATE[HY000] [1045] Access denied for user ''@'localhost' (using password: NO)' in /home/ubuntu/workspace/cst336-sp2019/lab/lab7/connect.php:16
Stack trace:
#0 /home/ubuntu/workspace/cst336-sp2019/lab/lab7/connect.php(16): PDO->__construct('mysql:host=0.0....', '', '')
#1 /home/ubuntu/workspace/cst336-sp2019/lab/lab7/login.php(6): getDatabaseConnection('ottermart')
#2 {main}
  thrown in /home/ubuntu/workspace/cst336-sp2019/lab/lab7/connect.php on line 16
[17-Apr-2019 21:42:47 UTC] PHP Fatal error:  Uncaught exception 'PDOException' with message 'SQLSTATE[HY000] [1045] Access denied for user ''@'localhost' (using password: NO)' in /home/ubuntu/workspace/cst336-sp2019/lab/lab7/connect.php:16
Stack trace:
#0 /home/ubuntu/workspace/cst336-sp2019/lab/lab7/connect.php(16): PDO->__construct('mysql:host=0.0....', '', '')
#1 /home/ubuntu/workspace/cst336-sp2019/lab/lab7/login.php(6): getDatabaseConnection('ottermart')
#2 {main}
  thrown in /home/ubuntu/workspace/cst336-sp2019/lab/lab7/connect.php on line 16
[17-Apr-2019 21:43:06 UTC] PHP Fatal error:  Uncaught exception 'PDOException' with message 'SQLSTATE[HY000] [1045] Access denied for user ''@'localhost' (using password: NO)' in /home/ubuntu/workspace/cst336-sp2019/lab/lab7/connect.php:16
Stack trace:
#0 /home/ubuntu/workspace/cst336-sp2019/lab/lab7/connect.php(16): PDO->__construct('mysql:host=0.0....', '', '')
#1 /home/ubuntu/workspace/cst336-sp2019/lab/lab7/login.php(6): getDatabaseConnection('ottermart')
#2 {main}
  thrown in /home/ubuntu/workspace/cst336-sp2019/lab/lab7/connect.php on line 16
[17-Apr-2019 21:45:18 UTC] PHP Fatal error:  Uncaught exception 'PDOException' with message 'SQLSTATE[HY000] [1045] Access denied for user ''@'localhost' (using password: NO)' in /home/ubuntu/workspace/cst336-sp2019/lab/lab7/connect.php:16
Stack trace:
#0 /home/ubuntu/workspace/cst336-sp2019/lab/lab7/connect.php(16): PDO->__construct('mysql:host=0.0....', '', '')
#1 /home/ubuntu/workspace/cst336-sp2019/lab/lab7/login.php(6): getDatabaseConnection('ottermart')
#2 {main}
  thrown in /home/ubuntu/workspace/cst336-sp2019/lab/lab7/connect.php on line 16
[17-Apr-2019 21:45:55 UTC] PHP Fatal error:  Uncaught exception 'PDOException' with message 'SQLSTATE[HY000] [1045] Access denied for user ''@'localhost' (using password: NO)' in /home/ubuntu/workspace/cst336-sp2019/lab/lab7/connect.php:16
Stack trace:
#0 /home/ubuntu/workspace/cst336-sp2019/lab/lab7/connect.php(16): PDO->__construct('mysql:host=0.0....', '', '')
#1 /home/ubuntu/workspace/cst336-sp2019/lab/lab7/login.php(6): getDatabaseConnection('ottermart')
#2 {main}
  thrown in /home/ubuntu/workspace/cst336-sp2019/lab/lab7/connect.php on line 16
[17-Apr-2019 21:46:55 UTC] PHP Warning:  include(../connect.php): failed to open stream: No such file or directory in /home/ubuntu/workspace/cst336-sp2019/lab/lab7/login.php on line 2
[17-Apr-2019 21:46:55 UTC] PHP Stack trace:
[17-Apr-2019 21:46:55 UTC] PHP   1. {main}() /home/ubuntu/workspace/cst336-sp2019/lab/lab7/login.php:0
[17-Apr-2019 21:46:55 UTC] PHP Warning:  include(): Failed opening '../connect.php' for inclusion (include_path='.:/usr/share/php:/usr/share/pear') in /home/ubuntu/workspace/cst336-sp2019/lab/lab7/login.php on line 2
[17-Apr-2019 21:46:55 UTC] PHP Stack trace:
[17-Apr-2019 21:46:55 UTC] PHP   1. {main}() /home/ubuntu/workspace/cst336-sp2019/lab/lab7/login.php:0
[17-Apr-2019 21:46:55 UTC] PHP Fatal error:  Call to undefined function getDatabaseConnection() in /home/ubuntu/workspace/cst336-sp2019/lab/lab7/login.php on line 6
[17-Apr-2019 21:46:55 UTC] PHP Stack trace:
[17-Apr-2019 21:46:55 UTC] PHP   1. {main}() /home/ubuntu/workspace/cst336-sp2019/lab/lab7/login.php:0
[17-Apr-2019 21:47:34 UTC] PHP Warning:  include(../connect.php): failed to open stream: No such file or directory in /home/ubuntu/workspace/cst336-sp2019/lab/lab7/login.php on line 3
[17-Apr-2019 21:47:34 UTC] PHP Stack trace:
[17-Apr-2019 21:47:34 UTC] PHP   1. {main}() /home/ubuntu/workspace/cst336-sp2019/lab/lab7/login.php:0
[17-Apr-2019 21:47:34 UTC] PHP Warning:  include(): Failed opening '../connect.php' for inclusion (include_path='.:/usr/share/php:/usr/share/pear') in /home/ubuntu/workspace/cst336-sp2019/lab/lab7/login.php on line 3
[17-Apr-2019 21:47:34 UTC] PHP Stack trace:
[17-Apr-2019 21:47:34 UTC] PHP   1. {main}() /home/ubuntu/workspace/cst336-sp2019/lab/lab7/login.php:0
[17-Apr-2019 21:47:34 UTC] PHP Fatal error:  Call to undefined function getDatabaseConnection() in /home/ubuntu/workspace/cst336-sp2019/lab/lab7/login.php on line 7
[17-Apr-2019 21:47:34 UTC] PHP Stack trace:
[17-Apr-2019 21:47:34 UTC] PHP   1. {main}() /home/ubuntu/workspace/cst336-sp2019/lab/lab7/login.php:0
[17-Apr-2019 21:47:54 UTC] PHP Fatal error:  Uncaught exception 'PDOException' with message 'SQLSTATE[HY000] [1045] Access denied for user ''@'localhost' (using password: NO)' in /home/ubuntu/workspace/cst336-sp2019/lab/lab7/connect.php:16
Stack trace:
#0 /home/ubuntu/workspace/cst336-sp2019/lab/lab7/connect.php(16): PDO->__construct('mysql:host=0.0....', '', '')
#1 /home/ubuntu/workspace/cst336-sp2019/lab/lab7/login.php(7): getDatabaseConnection('ottermart')
#2 {main}
  thrown in /home/ubuntu/workspace/cst336-sp2019/lab/lab7/connect.php on line 16
[17-Apr-2019 21:49:32 UTC] PHP Fatal error:  Uncaught exception 'PDOException' with message 'SQLSTATE[HY000] [1045] Access denied for user ''@'localhost' (using password: NO)' in /home/ubuntu/workspace/cst336-sp2019/lab/lab7/login.php:16
Stack trace:
#0 /home/ubuntu/workspace/cst336-sp2019/lab/lab7/login.php(16): PDO->__construct('mysql:host=0.0....', '', '')
#1 {main}
  thrown in /home/ubuntu/workspace/cst336-sp2019/lab/lab7/login.php on line 16
[17-Apr-2019 21:50:54 UTC] PHP Fatal error:  Call to a member function prepare() on a non-object in /home/ubuntu/workspace/cst336-sp2019/lab/lab7/login.php on line 23
[17-Apr-2019 21:50:54 UTC] PHP Stack trace:
[17-Apr-2019 21:50:54 UTC] PHP   1. {main}() /home/ubuntu/workspace/cst336-sp2019/lab/lab7/login.php:0
